#
# A fatal error has been detected by the Java Runtime Environment:
#
#  EXCEPTION_ACCESS_VIOLATION (0xc0000005) at pc=0x00007ff95710cc0b, pid=396, tid=21012
#
# JRE version: Java(TM) SE Runtime Environment 18.9 (11.0.17+10) (build 11.0.17+10-LTS-269)
# Java VM: Java HotSpot(TM) 64-Bit Server VM 18.9 (11.0.17+10-LTS-269, mixed mode, tiered, compressed oops, g1 gc, windows-amd64)
# Problematic frame:
# V  [jvm.dll+0x6acc0b]
#
# No core dump will be written. Minidumps are not enabled by default on client versions of Windows
#
# If you would like to submit a bug report, please visit:
#   https://bugreport.java.com/bugreport/crash.jsp
#

---------------  S U M M A R Y ------------

Command Line: -agentlib:jdwp=transport=dt_socket,suspend=y,address=localhost:53184 -ea -Dfile.encoding=UTF-8 org.testng.remote.RemoteTestNG -serport 53183 -protocol json -d F:\Automation\2.Selenium WebDriver\test-output C:\Users\Admin\AppData\Local\Temp\testng-eclipse-2062944732\testng-customsuite.xml

Host: Intel(R) Core(TM) i5-9400F CPU @ 2.90GHz, 6 cores, 15G,  Windows 10 , 64 bit Build 19041 (10.0.19041.2788)
Time: Sun Apr 16 21:01:32 2023 SE Asia Standard Time elapsed time: 2097.532005 seconds (0d 0h 34m 57s)

---------------  T H R E A D  ---------------

Current thread (0x000001e7e109c000):  VMThread "VM Thread" [stack: 0x000000e297800000,0x000000e297900000] [id=21012]

Stack: [0x000000e297800000,0x000000e297900000],  sp=0x000000e2978feba0,  free space=1018k
Native frames: (J=compiled Java code, j=interpreted, Vv=VM code, C=native code)
V  [jvm.dll+0x6acc0b]
V  [jvm.dll+0x316e13]
V  [jvm.dll+0x318b3b]
V  [jvm.dll+0x31940e]
V  [jvm.dll+0x316c6c]
V  [jvm.dll+0x315ea2]
V  [jvm.dll+0x61aa55]
V  [jvm.dll+0x61a7dd]
V  [jvm.dll+0x5e1ee3]
V  [jvm.dll+0x4efd61]
V  [jvm.dll+0x76d52c]
V  [jvm.dll+0x76b8a7]
V  [jvm.dll+0x76c0e0]
V  [jvm.dll+0x76c3f7]
V  [jvm.dll+0x723e64]
V  [jvm.dll+0x62a485]
C  [ucrtbase.dll+0x21bb2]
C  [KERNEL32.DLL+0x17604]
C  [ntdll.dll+0x526a1]


siginfo: EXCEPTION_ACCESS_VIOLATION (0xc0000005), reading address 0x0000000000000006


Register to memory mapping:

RIP=0x00007ff95710cc0b jvm.dll
RAX=0x000000e2978fec40 points into unknown readable memory: 0x0000000000000000 | 00 00 00 00 00 00 00 00
RBX=0x000000e2978fec10 points into unknown readable memory: 0x00007ff9572d1698 | 98 16 2d 57 f9 7f 00 00
RCX=0x0 is NULL
RDX=0x0 is NULL
RSP=0x000000e2978feba0 points into unknown readable memory: 0x000000e2978fec10 | 10 ec 8f 97 e2 00 00 00
RBP=0x000000e2978ff160 points into unknown readable memory: 0x000001e7e1930478 | 78 04 93 e1 e7 01 00 00
RSI=0x0 is NULL
RDI=0x0 is NULL
R8 =0x0 is NULL
R9 =0x000001e7e2abb368 is pointing into metadata
R10=0x00007ff956a60000 jvm.dll
R11={method} {0x000001e7e2abc188} 'TC_03_Guru_Bank' '()V' in 'Selenium_Exercise/Exercise_Topic07_TC03_Guru99_Bank'
R12=0x000001e7e1930160 points into unknown readable memory: 0x000000005730fe00 | 00 fe 30 57 00 00 00 00
R13=0x0 is NULL
R14=0x000001e7e2abc12f is pointing into metadata
R15=0x00000000000000e8 is an unknown value


Registers:
RAX=0x000000e2978fec40, RBX=0x000000e2978fec10, RCX=0x0000000000000000, RDX=0x0000000000000000
RSP=0x000000e2978feba0, RBP=0x000000e2978ff160, RSI=0x0000000000000000, RDI=0x0000000000000000
R8 =0x0000000000000000, R9 =0x000001e7e2abb368, R10=0x00007ff956a60000, R11=0x000001e7e2abc180
R12=0x000001e7e1930160, R13=0x0000000000000000, R14=0x000001e7e2abc12f, R15=0x00000000000000e8
RIP=0x00007ff95710cc0b, EFLAGS=0x0000000000010246

Top of Stack: (sp=0x000000e2978feba0)
0x000000e2978feba0:   000000e2978fec10 00007ff956c96c1e
0x000000e2978febb0:   4fffffff2fffffff 00007ff95710d155
0x000000e2978febc0:   4fffffff2fffffff 00007ff95707aebd
0x000000e2978febd0:   0000000000000001 00007ff956d76e13
0x000000e2978febe0:   0000000000000000 000000e2978ff2d0
0x000000e2978febf0:   000000000000009b 000001e7e166b985
0x000000e2978fec00:   00007ff956a60000 ffffffffffffffff
0x000000e2978fec10:   00007ff9572d1698 0000000000000000
0x000000e2978fec20:   0000000000000000 00007ff90000000e
0x000000e2978fec30:   000000e2978fec40 000000e200000000
0x000000e2978fec40:   0000000000000000 000001e7e193042c
0x000000e2978fec50:   2fffffff4fffffff 4fffffff2fffffff
0x000000e2978fec60:   00007ff9572d1698 000001e7e1001670
0x000000e2978fec70:   0000000000000002 00007ff90000000e
0x000000e2978fec80:   000000e2978feca0 00007ff9d9402437
0x000000e2978fec90:   0000000000000000 000001e7e23d23f8 

Instructions: (pc=0x00007ff95710cc0b)
0x00007ff95710cbeb:   cc cc cc cc cc 40 53 48 83 ec 30 c7 41 10 00 00
0x00007ff95710cbfb:   00 00 48 8b d9 48 89 7c 24 48 48 8b 79 08 33 c9
0x00007ff95710cc0b:   80 7f 06 28 74 30 44 8d 41 35 c7 44 24 20 28 00
0x00007ff95710cc1b:   00 00 b9 00 00 00 e0 4c 8d 0d d7 64 21 00 48 8d 


Stack slot to memory mapping:
stack at sp + 0 slots: 0x000000e2978fec10 points into unknown readable memory: 0x00007ff9572d1698 | 98 16 2d 57 f9 7f 00 00
stack at sp + 1 slots: 0x00007ff956c96c1e jvm.dll
stack at sp + 2 slots: 0x4fffffff2fffffff is an unknown value
stack at sp + 3 slots: 0x00007ff95710d155 jvm.dll
stack at sp + 4 slots: 0x4fffffff2fffffff is an unknown value
stack at sp + 5 slots: 0x00007ff95707aebd jvm.dll
stack at sp + 6 slots: 0x0000000000000001 is an unknown value
stack at sp + 7 slots: 0x00007ff956d76e13 jvm.dll

VM_Operation (0x000000e2981ff8e0): GetOrSetLocal, mode: safepoint, requested by thread 0x000001e7e1b7f000


---------------  P R O C E S S  ---------------

Threads class SMR info:
_java_thread_list=0x000001e7e3081ef0, length=19, elements={
0x000001e7bc887000, 0x000001e7e109f800, 0x000001e7e195a000, 0x000001e7e19af000,
0x000001e7e19b1800, 0x000001e7e19b2800, 0x000001e7e19b5800, 0x000001e7e1a18800,
0x000001e7e1a19800, 0x000001e7e1b7f000, 0x000001e7e1ba2000, 0x000001e7e1ba3000,
0x000001e7e1bc3000, 0x000001e7e2321800, 0x000001e7e299b800, 0x000001e7e310e800,
0x000001e7e298a000, 0x000001e7e3141800, 0x000001e7e299d000
}

Java Threads: ( => current thread )
  0x000001e7bc887000 JavaThread "main" [_thread_blocked, id=18500, stack(0x000000e297200000,0x000000e297300000)]
  0x000001e7e109f800 JavaThread "Reference Handler" daemon [_thread_blocked, id=7572, stack(0x000000e297900000,0x000000e297a00000)]
  0x000001e7e195a000 JavaThread "Finalizer" daemon [_thread_blocked, id=15680, stack(0x000000e297a00000,0x000000e297b00000)]
  0x000001e7e19af000 JavaThread "Signal Dispatcher" daemon [_thread_blocked, id=14396, stack(0x000000e297b00000,0x000000e297c00000)]
  0x000001e7e19b1800 JavaThread "Attach Listener" daemon [_thread_blocked, id=4804, stack(0x000000e297c00000,0x000000e297d00000)]
  0x000001e7e19b2800 JavaThread "Service Thread" daemon [_thread_blocked, id=21628, stack(0x000000e297d00000,0x000000e297e00000)]
  0x000001e7e19b5800 JavaThread "C2 CompilerThread0" daemon [_thread_blocked, id=15908, stack(0x000000e297e00000,0x000000e297f00000)]
  0x000001e7e1a18800 JavaThread "C1 CompilerThread0" daemon [_thread_blocked, id=1244, stack(0x000000e297f00000,0x000000e298000000)]
  0x000001e7e1a19800 JavaThread "Sweeper thread" daemon [_thread_blocked, id=21340, stack(0x000000e298000000,0x000000e298100000)]
  0x000001e7e1b7f000 JavaThread "JDWP Transport Listener: dt_socket" daemon [_thread_blocked, id=18960, stack(0x000000e298100000,0x000000e298200000)] _threads_hazard_ptr=0x000001e7e3081ef0
  0x000001e7e1ba2000 JavaThread "JDWP Event Helper Thread" daemon [_thread_blocked, id=22172, stack(0x000000e298200000,0x000000e298300000)]
  0x000001e7e1ba3000 JavaThread "JDWP Command Reader" daemon [_thread_blocked, id=13268, stack(0x000000e298300000,0x000000e298400000)]
  0x000001e7e1bc3000 JavaThread "Common-Cleaner" daemon [_thread_blocked, id=5020, stack(0x000000e298500000,0x000000e298600000)]
  0x000001e7e2321800 JavaThread "ReaderThread" [_thread_in_native, id=21060, stack(0x000000e298700000,0x000000e298800000)]
  0x000001e7e299b800 JavaThread "Exec Default Executor" daemon [_thread_in_native, id=15692, stack(0x000000e298e00000,0x000000e298f00000)]
  0x000001e7e310e800 JavaThread "Exec Stream Pumper" daemon [_thread_in_native, id=22508, stack(0x000000e298f00000,0x000000e299000000)]
  0x000001e7e298a000 JavaThread "Exec Stream Pumper" daemon [_thread_in_native, id=15504, stack(0x000000e299000000,0x000000e299100000)]
  0x000001e7e3141800 JavaThread "ForkJoinPool.commonPool-worker-3" daemon [_thread_blocked, id=16924, stack(0x000000e299100000,0x000000e299200000)]
  0x000001e7e299d000 JavaThread "Okio Watchdog" daemon [_thread_blocked, id=9772, stack(0x000000e299400000,0x000000e299500000)]

Other Threads:
=>0x000001e7e109c000 VMThread "VM Thread" [stack: 0x000000e297800000,0x000000e297900000] [id=21012]
  0x000001e7e1bb0000 WatcherThread [stack: 0x000000e298400000,0x000000e298500000] [id=17288]
  0x000001e7bc89b800 GCTaskThread "GC Thread#0" [stack: 0x000000e297300000,0x000000e297400000] [id=22288]
  0x000001e7e296d000 GCTaskThread "GC Thread#1" [stack: 0x000000e298900000,0x000000e298a00000] [id=17476]
  0x000001e7e296e000 GCTaskThread "GC Thread#2" [stack: 0x000000e298a00000,0x000000e298b00000] [id=4900]
  0x000001e7e296e800 GCTaskThread "GC Thread#3" [stack: 0x000000e298b00000,0x000000e298c00000] [id=18484]
  0x000001e7e296f000 GCTaskThread "GC Thread#4" [stack: 0x000000e298c00000,0x000000e298d00000] [id=1276]
  0x000001e7e2928800 GCTaskThread "GC Thread#5" [stack: 0x000000e298d00000,0x000000e298e00000] [id=3156]
  0x000001e7bc8f8000 ConcurrentGCThread "G1 Main Marker" [stack: 0x000000e297400000,0x000000e297500000] [id=1944]
  0x000001e7bc8fa800 ConcurrentGCThread "G1 Conc#0" [stack: 0x000000e297500000,0x000000e297600000] [id=1016]
  0x000001e7e304b000 ConcurrentGCThread "G1 Conc#1" [stack: 0x000000e299200000,0x000000e299300000] [id=19712]
  0x000001e7e0f7f800 ConcurrentGCThread "G1 Refine#0" [stack: 0x000000e297600000,0x000000e297700000] [id=3008]
  0x000001e7e0f80800 ConcurrentGCThread "G1 Young RemSet Sampling" [stack: 0x000000e297700000,0x000000e297800000] [id=22388]

Threads with active compile tasks:

VM state:at safepoint (normal execution)

VM Mutex/Monitor currently owned by a thread:  ([mutex/lock_event])
[0x000001e7bc882270] Threads_lock - owner thread: 0x000001e7e109c000

Heap address: 0x0000000700e00000, size: 4082 MB, Compressed Oops mode: Zero based, Oop shift amount: 3
Narrow klass base: 0x0000000800000000, Narrow klass shift: 0
Compressed class space size: 1073741824 Address: 0x0000000800000000

Heap:
 garbage-first heap   total 262144K, used 18587K [0x0000000700e00000, 0x0000000800000000)
  region size 1024K, 18 young (18432K), 5 survivors (5120K)
 Metaspace       used 22385K, capacity 22947K, committed 23168K, reserved 1069056K
  class space    used 2432K, capacity 2659K, committed 2688K, reserved 1048576K
Heap Regions: E=young(eden), S=young(survivor), O=old, HS=humongous(starts), HC=humongous(continues), CS=collection set, F=free, A=archive, TAMS=top-at-mark-start (previous, next)
|   0|0x0000000700e00000, 0x0000000700f00000, 0x0000000700f00000|100%|HS|  |TAMS 0x0000000700f00000, 0x0000000700e00000| Complete 
|   1|0x0000000700f00000, 0x0000000700fcd800, 0x0000000701000000| 80%| O|  |TAMS 0x0000000700fcd800, 0x0000000700f00000| Untracked 
|   2|0x0000000701000000, 0x0000000701000000, 0x0000000701100000|  0%| F|  |TAMS 0x0000000701000000, 0x0000000701000000| Untracked 
|   3|0x0000000701100000, 0x0000000701100000, 0x0000000701200000|  0%| F|  |TAMS 0x0000000701100000, 0x0000000701100000| Untracked 
|   4|0x0000000701200000, 0x0000000701200000, 0x0000000701300000|  0%| F|  |TAMS 0x0000000701200000, 0x0000000701200000| Untracked 
|   5|0x0000000701300000, 0x0000000701300000, 0x0000000701400000|  0%| F|  |TAMS 0x0000000701300000, 0x0000000701300000| Untracked 
|   6|0x0000000701400000, 0x0000000701400000, 0x0000000701500000|  0%| F|  |TAMS 0x0000000701400000, 0x0000000701400000| Untracked 
|   7|0x0000000701500000, 0x0000000701500000, 0x0000000701600000|  0%| F|  |TAMS 0x0000000701500000, 0x0000000701500000| Untracked 
|   8|0x0000000701600000, 0x0000000701600000, 0x0000000701700000|  0%| F|  |TAMS 0x0000000701600000, 0x0000000701600000| Untracked 
|   9|0x0000000701700000, 0x0000000701700000, 0x0000000701800000|  0%| F|  |TAMS 0x0000000701700000, 0x0000000701700000| Untracked 
|  10|0x0000000701800000, 0x0000000701800000, 0x0000000701900000|  0%| F|  |TAMS 0x0000000701800000, 0x0000000701800000| Untracked 
|  11|0x0000000701900000, 0x0000000701900000, 0x0000000701a00000|  0%| F|  |TAMS 0x0000000701900000, 0x0000000701900000| Untracked 
|  12|0x0000000701a00000, 0x0000000701a00000, 0x0000000701b00000|  0%| F|  |TAMS 0x0000000701a00000, 0x0000000701a00000| Untracked 
|  13|0x0000000701b00000, 0x0000000701b00000, 0x0000000701c00000|  0%| F|  |TAMS 0x0000000701b00000, 0x0000000701b00000| Untracked 
|  14|0x0000000701c00000, 0x0000000701c00000, 0x0000000701d00000|  0%| F|  |TAMS 0x0000000701c00000, 0x0000000701c00000| Untracked 
|  15|0x0000000701d00000, 0x0000000701d00000, 0x0000000701e00000|  0%| F|  |TAMS 0x0000000701d00000, 0x0000000701d00000| Untracked 
|  16|0x0000000701e00000, 0x0000000701e00000, 0x0000000701f00000|  0%| F|  |TAMS 0x0000000701e00000, 0x0000000701e00000| Untracked 
|  17|0x0000000701f00000, 0x0000000701f00000, 0x0000000702000000|  0%| F|  |TAMS 0x0000000701f00000, 0x0000000701f00000| Untracked 
|  18|0x0000000702000000, 0x0000000702000000, 0x0000000702100000|  0%| F|  |TAMS 0x0000000702000000, 0x0000000702000000| Untracked 
|  19|0x0000000702100000, 0x0000000702100000, 0x0000000702200000|  0%| F|  |TAMS 0x0000000702100000, 0x0000000702100000| Untracked 
|  20|0x0000000702200000, 0x0000000702200000, 0x0000000702300000|  0%| F|  |TAMS 0x0000000702200000, 0x0000000702200000| Untracked 
|  21|0x0000000702300000, 0x0000000702300000, 0x0000000702400000|  0%| F|  |TAMS 0x0000000702300000, 0x0000000702300000| Untracked 
|  22|0x0000000702400000, 0x0000000702400000, 0x0000000702500000|  0%| F|  |TAMS 0x0000000702400000, 0x0000000702400000| Untracked 
|  23|0x0000000702500000, 0x0000000702500000, 0x0000000702600000|  0%| F|  |TAMS 0x0000000702500000, 0x0000000702500000| Untracked 
|  24|0x0000000702600000, 0x0000000702600000, 0x0000000702700000|  0%| F|  |TAMS 0x0000000702600000, 0x0000000702600000| Untracked 
|  25|0x0000000702700000, 0x0000000702700000, 0x0000000702800000|  0%| F|  |TAMS 0x0000000702700000, 0x0000000702700000| Untracked 
|  26|0x0000000702800000, 0x0000000702800000, 0x0000000702900000|  0%| F|  |TAMS 0x0000000702800000, 0x0000000702800000| Untracked 
|  27|0x0000000702900000, 0x0000000702900000, 0x0000000702a00000|  0%| F|  |TAMS 0x0000000702900000, 0x0000000702900000| Untracked 
|  28|0x0000000702a00000, 0x0000000702a00000, 0x0000000702b00000|  0%| F|  |TAMS 0x0000000702a00000, 0x0000000702a00000| Untracked 
|  29|0x0000000702b00000, 0x0000000702b00000, 0x0000000702c00000|  0%| F|  |TAMS 0x0000000702b00000, 0x0000000702b00000| Untracked 
|  30|0x0000000702c00000, 0x0000000702c00000, 0x0000000702d00000|  0%| F|  |TAMS 0x0000000702c00000, 0x0000000702c00000| Untracked 
|  31|0x0000000702d00000, 0x0000000702d00000, 0x0000000702e00000|  0%| F|  |TAMS 0x0000000702d00000, 0x0000000702d00000| Untracked 
|  32|0x0000000702e00000, 0x0000000702e00000, 0x0000000702f00000|  0%| F|  |TAMS 0x0000000702e00000, 0x0000000702e00000| Untracked 
|  33|0x0000000702f00000, 0x0000000702f00000, 0x0000000703000000|  0%| F|  |TAMS 0x0000000702f00000, 0x0000000702f00000| Untracked 
|  34|0x0000000703000000, 0x0000000703000000, 0x0000000703100000|  0%| F|  |TAMS 0x0000000703000000, 0x0000000703000000| Untracked 
|  35|0x0000000703100000, 0x0000000703100000, 0x0000000703200000|  0%| F|  |TAMS 0x0000000703100000, 0x0000000703100000| Untracked 
|  36|0x0000000703200000, 0x0000000703200000, 0x0000000703300000|  0%| F|  |TAMS 0x0000000703200000, 0x0000000703200000| Untracked 
|  37|0x0000000703300000, 0x0000000703300000, 0x0000000703400000|  0%| F|  |TAMS 0x0000000703300000, 0x0000000703300000| Untracked 
|  38|0x0000000703400000, 0x0000000703400000, 0x0000000703500000|  0%| F|  |TAMS 0x0000000703400000, 0x0000000703400000| Untracked 
|  39|0x0000000703500000, 0x0000000703500000, 0x0000000703600000|  0%| F|  |TAMS 0x0000000703500000, 0x0000000703500000| Untracked 
|  40|0x0000000703600000, 0x0000000703600000, 0x0000000703700000|  0%| F|  |TAMS 0x0000000703600000, 0x0000000703600000| Untracked 
|  41|0x0000000703700000, 0x0000000703700000, 0x0000000703800000|  0%| F|  |TAMS 0x0000000703700000, 0x0000000703700000| Untracked 
|  42|0x0000000703800000, 0x0000000703800000, 0x0000000703900000|  0%| F|  |TAMS 0x0000000703800000, 0x0000000703800000| Untracked 
|  43|0x0000000703900000, 0x0000000703900000, 0x0000000703a00000|  0%| F|  |TAMS 0x0000000703900000, 0x0000000703900000| Untracked 
|  44|0x0000000703a00000, 0x0000000703a00000, 0x0000000703b00000|  0%| F|  |TAMS 0x0000000703a00000, 0x0000000703a00000| Untracked 
|  45|0x0000000703b00000, 0x0000000703b00000, 0x0000000703c00000|  0%| F|  |TAMS 0x0000000703b00000, 0x0000000703b00000| Untracked 
|  46|0x0000000703c00000, 0x0000000703c00000, 0x0000000703d00000|  0%| F|  |TAMS 0x0000000703c00000, 0x0000000703c00000| Untracked 
|  47|0x0000000703d00000, 0x0000000703d00000, 0x0000000703e00000|  0%| F|  |TAMS 0x0000000703d00000, 0x0000000703d00000| Untracked 
|  48|0x0000000703e00000, 0x0000000703e00000, 0x0000000703f00000|  0%| F|  |TAMS 0x0000000703e00000, 0x0000000703e00000| Untracked 
|  49|0x0000000703f00000, 0x0000000703f00000, 0x0000000704000000|  0%| F|  |TAMS 0x0000000703f00000, 0x0000000703f00000| Untracked 
|  50|0x0000000704000000, 0x0000000704000000, 0x0000000704100000|  0%| F|  |TAMS 0x0000000704000000, 0x0000000704000000| Untracked 
|  51|0x0000000704100000, 0x0000000704100000, 0x0000000704200000|  0%| F|  |TAMS 0x0000000704100000, 0x0000000704100000| Untracked 
|  52|0x0000000704200000, 0x0000000704200000, 0x0000000704300000|  0%| F|  |TAMS 0x0000000704200000, 0x0000000704200000| Untracked 
|  53|0x0000000704300000, 0x0000000704300000, 0x0000000704400000|  0%| F|  |TAMS 0x0000000704300000, 0x0000000704300000| Untracked 
|  54|0x0000000704400000, 0x0000000704400000, 0x0000000704500000|  0%| F|  |TAMS 0x0000000704400000, 0x0000000704400000| Untracked 
|  55|0x0000000704500000, 0x0000000704500000, 0x0000000704600000|  0%| F|  |TAMS 0x0000000704500000, 0x0000000704500000| Untracked 
|  56|0x0000000704600000, 0x0000000704600000, 0x0000000704700000|  0%| F|  |TAMS 0x0000000704600000, 0x0000000704600000| Untracked 
|  57|0x0000000704700000, 0x0000000704700000, 0x0000000704800000|  0%| F|  |TAMS 0x0000000704700000, 0x0000000704700000| Untracked 
|  58|0x0000000704800000, 0x0000000704800000, 0x0000000704900000|  0%| F|  |TAMS 0x0000000704800000, 0x0000000704800000| Untracked 
|  59|0x0000000704900000, 0x0000000704900000, 0x0000000704a00000|  0%| F|  |TAMS 0x0000000704900000, 0x0000000704900000| Untracked 
|  60|0x0000000704a00000, 0x0000000704a00000, 0x0000000704b00000|  0%| F|  |TAMS 0x0000000704a00000, 0x0000000704a00000| Untracked 
|  61|0x0000000704b00000, 0x0000000704b00000, 0x0000000704c00000|  0%| F|  |TAMS 0x0000000704b00000, 0x0000000704b00000| Untracked 
|  62|0x0000000704c00000, 0x0000000704c00000, 0x0000000704d00000|  0%| F|  |TAMS 0x0000000704c00000, 0x0000000704c00000| Untracked 
|  63|0x0000000704d00000, 0x0000000704d00000, 0x0000000704e00000|  0%| F|  |TAMS 0x0000000704d00000, 0x0000000704d00000| Untracked 
|  64|0x0000000704e00000, 0x0000000704e00000, 0x0000000704f00000|  0%| F|  |TAMS 0x0000000704e00000, 0x0000000704e00000| Untracked 
|  65|0x0000000704f00000, 0x0000000704f00000, 0x0000000705000000|  0%| F|  |TAMS 0x0000000704f00000, 0x0000000704f00000| Untracked 
|  66|0x0000000705000000, 0x0000000705000000, 0x0000000705100000|  0%| F|  |TAMS 0x0000000705000000, 0x0000000705000000| Untracked 
|  67|0x0000000705100000, 0x0000000705100000, 0x0000000705200000|  0%| F|  |TAMS 0x0000000705100000, 0x0000000705100000| Untracked 
|  68|0x0000000705200000, 0x0000000705200000, 0x0000000705300000|  0%| F|  |TAMS 0x0000000705200000, 0x0000000705200000| Untracked 
|  69|0x0000000705300000, 0x0000000705300000, 0x0000000705400000|  0%| F|  |TAMS 0x0000000705300000, 0x0000000705300000| Untracked 
|  70|0x0000000705400000, 0x0000000705400000, 0x0000000705500000|  0%| F|  |TAMS 0x0000000705400000, 0x0000000705400000| Untracked 
|  71|0x0000000705500000, 0x0000000705500000, 0x0000000705600000|  0%| F|  |TAMS 0x0000000705500000, 0x0000000705500000| Untracked 
|  72|0x0000000705600000, 0x0000000705600000, 0x0000000705700000|  0%| F|  |TAMS 0x0000000705600000, 0x0000000705600000| Untracked 
|  73|0x0000000705700000, 0x0000000705700000, 0x0000000705800000|  0%| F|  |TAMS 0x0000000705700000, 0x0000000705700000| Untracked 
|  74|0x0000000705800000, 0x0000000705800000, 0x0000000705900000|  0%| F|  |TAMS 0x0000000705800000, 0x0000000705800000| Untracked 
|  75|0x0000000705900000, 0x0000000705900000, 0x0000000705a00000|  0%| F|  |TAMS 0x0000000705900000, 0x0000000705900000| Untracked 
|  76|0x0000000705a00000, 0x0000000705a00000, 0x0000000705b00000|  0%| F|  |TAMS 0x0000000705a00000, 0x0000000705a00000| Untracked 
|  77|0x0000000705b00000, 0x0000000705b00000, 0x0000000705c00000|  0%| F|  |TAMS 0x0000000705b00000, 0x0000000705b00000| Untracked 
|  78|0x0000000705c00000, 0x0000000705c00000, 0x0000000705d00000|  0%| F|  |TAMS 0x0000000705c00000, 0x0000000705c00000| Untracked 
|  79|0x0000000705d00000, 0x0000000705d00000, 0x0000000705e00000|  0%| F|  |TAMS 0x0000000705d00000, 0x0000000705d00000| Untracked 
|  80|0x0000000705e00000, 0x0000000705e00000, 0x0000000705f00000|  0%| F|  |TAMS 0x0000000705e00000, 0x0000000705e00000| Untracked 
|  81|0x0000000705f00000, 0x0000000705f00000, 0x0000000706000000|  0%| F|  |TAMS 0x0000000705f00000, 0x0000000705f00000| Untracked 
|  82|0x0000000706000000, 0x0000000706000000, 0x0000000706100000|  0%| F|  |TAMS 0x0000000706000000, 0x0000000706000000| Untracked 
|  83|0x0000000706100000, 0x0000000706100000, 0x0000000706200000|  0%| F|  |TAMS 0x0000000706100000, 0x0000000706100000| Untracked 
|  84|0x0000000706200000, 0x0000000706200000, 0x0000000706300000|  0%| F|  |TAMS 0x0000000706200000, 0x0000000706200000| Untracked 
|  85|0x0000000706300000, 0x0000000706300000, 0x0000000706400000|  0%| F|  |TAMS 0x0000000706300000, 0x0000000706300000| Untracked 
|  86|0x0000000706400000, 0x0000000706400000, 0x0000000706500000|  0%| F|  |TAMS 0x0000000706400000, 0x0000000706400000| Untracked 
|  87|0x0000000706500000, 0x0000000706500000, 0x0000000706600000|  0%| F|  |TAMS 0x0000000706500000, 0x0000000706500000| Untracked 
|  88|0x0000000706600000, 0x0000000706600000, 0x0000000706700000|  0%| F|  |TAMS 0x0000000706600000, 0x0000000706600000| Untracked 
|  89|0x0000000706700000, 0x0000000706700000, 0x0000000706800000|  0%| F|  |TAMS 0x0000000706700000, 0x0000000706700000| Untracked 
|  90|0x0000000706800000, 0x0000000706800000, 0x0000000706900000|  0%| F|  |TAMS 0x0000000706800000, 0x0000000706800000| Untracked 
|  91|0x0000000706900000, 0x0000000706900000, 0x0000000706a00000|  0%| F|  |TAMS 0x0000000706900000, 0x0000000706900000| Untracked 
|  92|0x0000000706a00000, 0x0000000706a00000, 0x0000000706b00000|  0%| F|  |TAMS 0x0000000706a00000, 0x0000000706a00000| Untracked 
|  93|0x0000000706b00000, 0x0000000706b00000, 0x0000000706c00000|  0%| F|  |TAMS 0x0000000706b00000, 0x0000000706b00000| Untracked 
|  94|0x0000000706c00000, 0x0000000706c00000, 0x0000000706d00000|  0%| F|  |TAMS 0x0000000706c00000, 0x0000000706c00000| Untracked 
|  95|0x0000000706d00000, 0x0000000706d00000, 0x0000000706e00000|  0%| F|  |TAMS 0x0000000706d00000, 0x0000000706d00000| Untracked 
|  96|0x0000000706e00000, 0x0000000706e00000, 0x0000000706f00000|  0%| F|  |TAMS 0x0000000706e00000, 0x0000000706e00000| Untracked 
|  97|0x0000000706f00000, 0x0000000706f00000, 0x0000000707000000|  0%| F|  |TAMS 0x0000000706f00000, 0x0000000706f00000| Untracked 
|  98|0x0000000707000000, 0x0000000707000000, 0x0000000707100000|  0%| F|  |TAMS 0x0000000707000000, 0x0000000707000000| Untracked 
|  99|0x0000000707100000, 0x0000000707100000, 0x0000000707200000|  0%| F|  |TAMS 0x0000000707100000, 0x0000000707100000| Untracked 
| 100|0x0000000707200000, 0x0000000707200000, 0x0000000707300000|  0%| F|  |TAMS 0x0000000707200000, 0x0000000707200000| Untracked 
| 101|0x0000000707300000, 0x0000000707300000, 0x0000000707400000|  0%| F|  |TAMS 0x0000000707300000, 0x0000000707300000| Untracked 
| 102|0x0000000707400000, 0x0000000707400000, 0x0000000707500000|  0%| F|  |TAMS 0x0000000707400000, 0x0000000707400000| Untracked 
| 103|0x0000000707500000, 0x0000000707500000, 0x0000000707600000|  0%| F|  |TAMS 0x0000000707500000, 0x0000000707500000| Untracked 
| 104|0x0000000707600000, 0x0000000707600000, 0x0000000707700000|  0%| F|  |TAMS 0x0000000707600000, 0x0000000707600000| Untracked 
| 105|0x0000000707700000, 0x0000000707700000, 0x0000000707800000|  0%| F|  |TAMS 0x0000000707700000, 0x0000000707700000| Untracked 
| 106|0x0000000707800000, 0x0000000707800000, 0x0000000707900000|  0%| F|  |TAMS 0x0000000707800000, 0x0000000707800000| Untracked 
| 107|0x0000000707900000, 0x0000000707900000, 0x0000000707a00000|  0%| F|  |TAMS 0x0000000707900000, 0x0000000707900000| Untracked 
| 108|0x0000000707a00000, 0x0000000707a00000, 0x0000000707b00000|  0%| F|  |TAMS 0x0000000707a00000, 0x0000000707a00000| Untracked 
| 109|0x0000000707b00000, 0x0000000707b00000, 0x0000000707c00000|  0%| F|  |TAMS 0x0000000707b00000, 0x0000000707b00000| Untracked 
| 110|0x0000000707c00000, 0x0000000707c00000, 0x0000000707d00000|  0%| F|  |TAMS 0x0000000707c00000, 0x0000000707c00000| Untracked 
| 111|0x0000000707d00000, 0x0000000707d00000, 0x0000000707e00000|  0%| F|  |TAMS 0x0000000707d00000, 0x0000000707d00000| Untracked 
| 112|0x0000000707e00000, 0x0000000707e00000, 0x0000000707f00000|  0%| F|  |TAMS 0x0000000707e00000, 0x0000000707e00000| Untracked 
| 113|0x0000000707f00000, 0x0000000707f00000, 0x0000000708000000|  0%| F|  |TAMS 0x0000000707f00000, 0x0000000707f00000| Untracked 
| 114|0x0000000708000000, 0x0000000708000000, 0x0000000708100000|  0%| F|  |TAMS 0x0000000708000000, 0x0000000708000000| Untracked 
| 115|0x0000000708100000, 0x0000000708100000, 0x0000000708200000|  0%| F|  |TAMS 0x0000000708100000, 0x0000000708100000| Untracked 
| 116|0x0000000708200000, 0x0000000708200000, 0x0000000708300000|  0%| F|  |TAMS 0x0000000708200000, 0x0000000708200000| Untracked 
| 117|0x0000000708300000, 0x0000000708300000, 0x0000000708400000|  0%| F|  |TAMS 0x0000000708300000, 0x0000000708300000| Untracked 
| 118|0x0000000708400000, 0x0000000708400000, 0x0000000708500000|  0%| F|  |TAMS 0x0000000708400000, 0x0000000708400000| Untracked 
| 119|0x0000000708500000, 0x0000000708500000, 0x0000000708600000|  0%| F|  |TAMS 0x0000000708500000, 0x0000000708500000| Untracked 
| 120|0x0000000708600000, 0x0000000708600000, 0x0000000708700000|  0%| F|  |TAMS 0x0000000708600000, 0x0000000708600000| Untracked 
| 121|0x0000000708700000, 0x0000000708700000, 0x0000000708800000|  0%| F|  |TAMS 0x0000000708700000, 0x0000000708700000| Untracked 
| 122|0x0000000708800000, 0x0000000708800000, 0x0000000708900000|  0%| F|  |TAMS 0x0000000708800000, 0x0000000708800000| Untracked 
| 123|0x0000000708900000, 0x0000000708900000, 0x0000000708a00000|  0%| F|  |TAMS 0x0000000708900000, 0x0000000708900000| Untracked 
| 124|0x0000000708a00000, 0x0000000708a00000, 0x0000000708b00000|  0%| F|  |TAMS 0x0000000708a00000, 0x0000000708a00000| Untracked 
| 125|0x0000000708b00000, 0x0000000708b00000, 0x0000000708c00000|  0%| F|  |TAMS 0x0000000708b00000, 0x0000000708b00000| Untracked 
| 126|0x0000000708c00000, 0x0000000708c00000, 0x0000000708d00000|  0%| F|  |TAMS 0x0000000708c00000, 0x0000000708c00000| Untracked 
| 127|0x0000000708d00000, 0x0000000708d00000, 0x0000000708e00000|  0%| F|  |TAMS 0x0000000708d00000, 0x0000000708d00000| Untracked 
| 128|0x0000000708e00000, 0x0000000708e00000, 0x0000000708f00000|  0%| F|  |TAMS 0x0000000708e00000, 0x0000000708e00000| Untracked 
| 129|0x0000000708f00000, 0x0000000708f00000, 0x0000000709000000|  0%| F|  |TAMS 0x0000000708f00000, 0x0000000708f00000| Untracked 
| 130|0x0000000709000000, 0x0000000709000000, 0x0000000709100000|  0%| F|  |TAMS 0x0000000709000000, 0x0000000709000000| Untracked 
| 131|0x0000000709100000, 0x0000000709100000, 0x0000000709200000|  0%| F|  |TAMS 0x0000000709100000, 0x0000000709100000| Untracked 
| 132|0x0000000709200000, 0x0000000709200000, 0x0000000709300000|  0%| F|  |TAMS 0x0000000709200000, 0x0000000709200000| Untracked 
| 133|0x0000000709300000, 0x0000000709300000, 0x0000000709400000|  0%| F|  |TAMS 0x0000000709300000, 0x0000000709300000| Untracked 
| 134|0x0000000709400000, 0x0000000709400000, 0x0000000709500000|  0%| F|  |TAMS 0x0000000709400000, 0x0000000709400000| Untracked 
| 135|0x0000000709500000, 0x0000000709500000, 0x0000000709600000|  0%| F|  |TAMS 0x0000000709500000, 0x0000000709500000| Untracked 
| 136|0x0000000709600000, 0x0000000709600000, 0x0000000709700000|  0%| F|  |TAMS 0x0000000709600000, 0x0000000709600000| Untracked 
| 137|0x0000000709700000, 0x0000000709700000, 0x0000000709800000|  0%| F|  |TAMS 0x0000000709700000, 0x0000000709700000| Untracked 
| 138|0x0000000709800000, 0x0000000709800000, 0x0000000709900000|  0%| F|  |TAMS 0x0000000709800000, 0x0000000709800000| Untracked 
| 139|0x0000000709900000, 0x0000000709900000, 0x0000000709a00000|  0%| F|  |TAMS 0x0000000709900000, 0x0000000709900000| Untracked 
| 140|0x0000000709a00000, 0x0000000709a00000, 0x0000000709b00000|  0%| F|  |TAMS 0x0000000709a00000, 0x0000000709a00000| Untracked 
| 141|0x0000000709b00000, 0x0000000709b00000, 0x0000000709c00000|  0%| F|  |TAMS 0x0000000709b00000, 0x0000000709b00000| Untracked 
| 142|0x0000000709c00000, 0x0000000709c00000, 0x0000000709d00000|  0%| F|  |TAMS 0x0000000709c00000, 0x0000000709c00000| Untracked 
| 143|0x0000000709d00000, 0x0000000709d00000, 0x0000000709e00000|  0%| F|  |TAMS 0x0000000709d00000, 0x0000000709d00000| Untracked 
| 144|0x0000000709e00000, 0x0000000709e00000, 0x0000000709f00000|  0%| F|  |TAMS 0x0000000709e00000, 0x0000000709e00000| Untracked 
| 145|0x0000000709f00000, 0x0000000709f00000, 0x000000070a000000|  0%| F|  |TAMS 0x0000000709f00000, 0x0000000709f00000| Untracked 
| 146|0x000000070a000000, 0x000000070a000000, 0x000000070a100000|  0%| F|  |TAMS 0x000000070a000000, 0x000000070a000000| Untracked 
| 147|0x000000070a100000, 0x000000070a100000, 0x000000070a200000|  0%| F|  |TAMS 0x000000070a100000, 0x000000070a100000| Untracked 
| 148|0x000000070a200000, 0x000000070a200000, 0x000000070a300000|  0%| F|  |TAMS 0x000000070a200000, 0x000000070a200000| Untracked 
| 149|0x000000070a300000, 0x000000070a300000, 0x000000070a400000|  0%| F|  |TAMS 0x000000070a300000, 0x000000070a300000| Untracked 
| 150|0x000000070a400000, 0x000000070a400000, 0x000000070a500000|  0%| F|  |TAMS 0x000000070a400000, 0x000000070a400000| Untracked 
| 151|0x000000070a500000, 0x000000070a500000, 0x000000070a600000|  0%| F|  |TAMS 0x000000070a500000, 0x000000070a500000| Untracked 
| 152|0x000000070a600000, 0x000000070a600000, 0x000000070a700000|  0%| F|  |TAMS 0x000000070a600000, 0x000000070a600000| Untracked 
| 153|0x000000070a700000, 0x000000070a700000, 0x000000070a800000|  0%| F|  |TAMS 0x000000070a700000, 0x000000070a700000| Untracked 
| 154|0x000000070a800000, 0x000000070a800000, 0x000000070a900000|  0%| F|  |TAMS 0x000000070a800000, 0x000000070a800000| Untracked 
| 155|0x000000070a900000, 0x000000070a900000, 0x000000070aa00000|  0%| F|  |TAMS 0x000000070a900000, 0x000000070a900000| Untracked 
| 156|0x000000070aa00000, 0x000000070aa00000, 0x000000070ab00000|  0%| F|  |TAMS 0x000000070aa00000, 0x000000070aa00000| Untracked 
| 157|0x000000070ab00000, 0x000000070ab00000, 0x000000070ac00000|  0%| F|  |TAMS 0x000000070ab00000, 0x000000070ab00000| Untracked 
| 158|0x000000070ac00000, 0x000000070ac00000, 0x000000070ad00000|  0%| F|  |TAMS 0x000000070ac00000, 0x000000070ac00000| Untracked 
| 159|0x000000070ad00000, 0x000000070ad00000, 0x000000070ae00000|  0%| F|  |TAMS 0x000000070ad00000, 0x000000070ad00000| Untracked 
| 160|0x000000070ae00000, 0x000000070ae00000, 0x000000070af00000|  0%| F|  |TAMS 0x000000070ae00000, 0x000000070ae00000| Untracked 
| 161|0x000000070af00000, 0x000000070af00000, 0x000000070b000000|  0%| F|  |TAMS 0x000000070af00000, 0x000000070af00000| Untracked 
| 162|0x000000070b000000, 0x000000070b000000, 0x000000070b100000|  0%| F|  |TAMS 0x000000070b000000, 0x000000070b000000| Untracked 
| 163|0x000000070b100000, 0x000000070b100000, 0x000000070b200000|  0%| F|  |TAMS 0x000000070b100000, 0x000000070b100000| Untracked 
| 164|0x000000070b200000, 0x000000070b200000, 0x000000070b300000|  0%| F|  |TAMS 0x000000070b200000, 0x000000070b200000| Untracked 
| 165|0x000000070b300000, 0x000000070b300000, 0x000000070b400000|  0%| F|  |TAMS 0x000000070b300000, 0x000000070b300000| Untracked 
| 166|0x000000070b400000, 0x000000070b400000, 0x000000070b500000|  0%| F|  |TAMS 0x000000070b400000, 0x000000070b400000| Untracked 
| 167|0x000000070b500000, 0x000000070b500000, 0x000000070b600000|  0%| F|  |TAMS 0x000000070b500000, 0x000000070b500000| Untracked 
| 168|0x000000070b600000, 0x000000070b600000, 0x000000070b700000|  0%| F|  |TAMS 0x000000070b600000, 0x000000070b600000| Untracked 
| 169|0x000000070b700000, 0x000000070b700000, 0x000000070b800000|  0%| F|  |TAMS 0x000000070b700000, 0x000000070b700000| Untracked 
| 170|0x000000070b800000, 0x000000070b800000, 0x000000070b900000|  0%| F|  |TAMS 0x000000070b800000, 0x000000070b800000| Untracked 
| 171|0x000000070b900000, 0x000000070b900000, 0x000000070ba00000|  0%| F|  |TAMS 0x000000070b900000, 0x000000070b900000| Untracked 
| 172|0x000000070ba00000, 0x000000070ba00000, 0x000000070bb00000|  0%| F|  |TAMS 0x000000070ba00000, 0x000000070ba00000| Untracked 
| 173|0x000000070bb00000, 0x000000070bb00000, 0x000000070bc00000|  0%| F|  |TAMS 0x000000070bb00000, 0x000000070bb00000| Untracked 
| 174|0x000000070bc00000, 0x000000070bc00000, 0x000000070bd00000|  0%| F|  |TAMS 0x000000070bc00000, 0x000000070bc00000| Untracked 
| 175|0x000000070bd00000, 0x000000070bd00000, 0x000000070be00000|  0%| F|  |TAMS 0x000000070bd00000, 0x000000070bd00000| Untracked 
| 176|0x000000070be00000, 0x000000070be00000, 0x000000070bf00000|  0%| F|  |TAMS 0x000000070be00000, 0x000000070be00000| Untracked 
| 177|0x000000070bf00000, 0x000000070bf00000, 0x000000070c000000|  0%| F|  |TAMS 0x000000070bf00000, 0x000000070bf00000| Untracked 
| 178|0x000000070c000000, 0x000000070c000000, 0x000000070c100000|  0%| F|  |TAMS 0x000000070c000000, 0x000000070c000000| Untracked 
| 179|0x000000070c100000, 0x000000070c100000, 0x000000070c200000|  0%| F|  |TAMS 0x000000070c100000, 0x000000070c100000| Untracked 
| 180|0x000000070c200000, 0x000000070c200000, 0x000000070c300000|  0%| F|  |TAMS 0x000000070c200000, 0x000000070c200000| Untracked 
| 181|0x000000070c300000, 0x000000070c300000, 0x000000070c400000|  0%| F|  |TAMS 0x000000070c300000, 0x000000070c300000| Untracked 
| 182|0x000000070c400000, 0x000000070c400000, 0x000000070c500000|  0%| F|  |TAMS 0x000000070c400000, 0x000000070c400000| Untracked 
| 183|0x000000070c500000, 0x000000070c500000, 0x000000070c600000|  0%| F|  |TAMS 0x000000070c500000, 0x000000070c500000| Untracked 
| 184|0x000000070c600000, 0x000000070c600000, 0x000000070c700000|  0%| F|  |TAMS 0x000000070c600000, 0x000000070c600000| Untracked 
| 185|0x000000070c700000, 0x000000070c700000, 0x000000070c800000|  0%| F|  |TAMS 0x000000070c700000, 0x000000070c700000| Untracked 
| 186|0x000000070c800000, 0x000000070c800000, 0x000000070c900000|  0%| F|  |TAMS 0x000000070c800000, 0x000000070c800000| Untracked 
| 187|0x000000070c900000, 0x000000070c900000, 0x000000070ca00000|  0%| F|  |TAMS 0x000000070c900000, 0x000000070c900000| Untracked 
| 188|0x000000070ca00000, 0x000000070ca00000, 0x000000070cb00000|  0%| F|  |TAMS 0x000000070ca00000, 0x000000070ca00000| Untracked 
| 189|0x000000070cb00000, 0x000000070cb00000, 0x000000070cc00000|  0%| F|  |TAMS 0x000000070cb00000, 0x000000070cb00000| Untracked 
| 190|0x000000070cc00000, 0x000000070cc00000, 0x000000070cd00000|  0%| F|  |TAMS 0x000000070cc00000, 0x000000070cc00000| Untracked 
| 191|0x000000070cd00000, 0x000000070cd00000, 0x000000070ce00000|  0%| F|  |TAMS 0x000000070cd00000, 0x000000070cd00000| Untracked 
| 192|0x000000070ce00000, 0x000000070ce00000, 0x000000070cf00000|  0%| F|  |TAMS 0x000000070ce00000, 0x000000070ce00000| Untracked 
| 193|0x000000070cf00000, 0x000000070cf00000, 0x000000070d000000|  0%| F|  |TAMS 0x000000070cf00000, 0x000000070cf00000| Untracked 
| 194|0x000000070d000000, 0x000000070d000000, 0x000000070d100000|  0%| F|  |TAMS 0x000000070d000000, 0x000000070d000000| Untracked 
| 195|0x000000070d100000, 0x000000070d100000, 0x000000070d200000|  0%| F|  |TAMS 0x000000070d100000, 0x000000070d100000| Untracked 
| 196|0x000000070d200000, 0x000000070d200000, 0x000000070d300000|  0%| F|  |TAMS 0x000000070d200000, 0x000000070d200000| Untracked 
| 197|0x000000070d300000, 0x000000070d300000, 0x000000070d400000|  0%| F|  |TAMS 0x000000070d300000, 0x000000070d300000| Untracked 
| 198|0x000000070d400000, 0x000000070d400000, 0x000000070d500000|  0%| F|  |TAMS 0x000000070d400000, 0x000000070d400000| Untracked 
| 199|0x000000070d500000, 0x000000070d500000, 0x000000070d600000|  0%| F|  |TAMS 0x000000070d500000, 0x000000070d500000| Untracked 
| 200|0x000000070d600000, 0x000000070d600000, 0x000000070d700000|  0%| F|  |TAMS 0x000000070d600000, 0x000000070d600000| Untracked 
| 201|0x000000070d700000, 0x000000070d700000, 0x000000070d800000|  0%| F|  |TAMS 0x000000070d700000, 0x000000070d700000| Untracked 
| 202|0x000000070d800000, 0x000000070d800000, 0x000000070d900000|  0%| F|  |TAMS 0x000000070d800000, 0x000000070d800000| Untracked 
| 203|0x000000070d900000, 0x000000070d900000, 0x000000070da00000|  0%| F|  |TAMS 0x000000070d900000, 0x000000070d900000| Untracked 
| 204|0x000000070da00000, 0x000000070da00000, 0x000000070db00000|  0%| F|  |TAMS 0x000000070da00000, 0x000000070da00000| Untracked 
| 205|0x000000070db00000, 0x000000070db00000, 0x000000070dc00000|  0%| F|  |TAMS 0x000000070db00000, 0x000000070db00000| Untracked 
| 206|0x000000070dc00000, 0x000000070dc00000, 0x000000070dd00000|  0%| F|  |TAMS 0x000000070dc00000, 0x000000070dc00000| Untracked 
| 207|0x000000070dd00000, 0x000000070dd00000, 0x000000070de00000|  0%| F|  |TAMS 0x000000070dd00000, 0x000000070dd00000| Untracked 
| 208|0x000000070de00000, 0x000000070de00000, 0x000000070df00000|  0%| F|  |TAMS 0x000000070de00000, 0x000000070de00000| Untracked 
| 209|0x000000070df00000, 0x000000070df00000, 0x000000070e000000|  0%| F|  |TAMS 0x000000070df00000, 0x000000070df00000| Untracked 
| 210|0x000000070e000000, 0x000000070e000000, 0x000000070e100000|  0%| F|  |TAMS 0x000000070e000000, 0x000000070e000000| Untracked 
| 211|0x000000070e100000, 0x000000070e100000, 0x000000070e200000|  0%| F|  |TAMS 0x000000070e100000, 0x000000070e100000| Untracked 
| 212|0x000000070e200000, 0x000000070e200000, 0x000000070e300000|  0%| F|  |TAMS 0x000000070e200000, 0x000000070e200000| Untracked 
| 213|0x000000070e300000, 0x000000070e300000, 0x000000070e400000|  0%| F|  |TAMS 0x000000070e300000, 0x000000070e300000| Untracked 
| 214|0x000000070e400000, 0x000000070e400000, 0x000000070e500000|  0%| F|  |TAMS 0x000000070e400000, 0x000000070e400000| Untracked 
| 215|0x000000070e500000, 0x000000070e500000, 0x000000070e600000|  0%| F|  |TAMS 0x000000070e500000, 0x000000070e500000| Untracked 
| 216|0x000000070e600000, 0x000000070e600000, 0x000000070e700000|  0%| F|  |TAMS 0x000000070e600000, 0x000000070e600000| Untracked 
| 217|0x000000070e700000, 0x000000070e700000, 0x000000070e800000|  0%| F|  |TAMS 0x000000070e700000, 0x000000070e700000| Untracked 
| 218|0x000000070e800000, 0x000000070e800000, 0x000000070e900000|  0%| F|  |TAMS 0x000000070e800000, 0x000000070e800000| Untracked 
| 219|0x000000070e900000, 0x000000070e900000, 0x000000070ea00000|  0%| F|  |TAMS 0x000000070e900000, 0x000000070e900000| Untracked 
| 220|0x000000070ea00000, 0x000000070ea00000, 0x000000070eb00000|  0%| F|  |TAMS 0x000000070ea00000, 0x000000070ea00000| Untracked 
| 221|0x000000070eb00000, 0x000000070eb00000, 0x000000070ec00000|  0%| F|  |TAMS 0x000000070eb00000, 0x000000070eb00000| Untracked 
| 222|0x000000070ec00000, 0x000000070ec00000, 0x000000070ed00000|  0%| F|  |TAMS 0x000000070ec00000, 0x000000070ec00000| Untracked 
| 223|0x000000070ed00000, 0x000000070ed00000, 0x000000070ee00000|  0%| F|  |TAMS 0x000000070ed00000, 0x000000070ed00000| Untracked 
| 224|0x000000070ee00000, 0x000000070ee00000, 0x000000070ef00000|  0%| F|  |TAMS 0x000000070ee00000, 0x000000070ee00000| Untracked 
| 225|0x000000070ef00000, 0x000000070ef00000, 0x000000070f000000|  0%| F|  |TAMS 0x000000070ef00000, 0x000000070ef00000| Untracked 
| 226|0x000000070f000000, 0x000000070f000000, 0x000000070f100000|  0%| F|  |TAMS 0x000000070f000000, 0x000000070f000000| Untracked 
| 227|0x000000070f100000, 0x000000070f100000, 0x000000070f200000|  0%| F|  |TAMS 0x000000070f100000, 0x000000070f100000| Untracked 
| 228|0x000000070f200000, 0x000000070f200000, 0x000000070f300000|  0%| F|  |TAMS 0x000000070f200000, 0x000000070f200000| Untracked 
| 229|0x000000070f300000, 0x000000070f300000, 0x000000070f400000|  0%| F|  |TAMS 0x000000070f300000, 0x000000070f300000| Untracked 
| 230|0x000000070f400000, 0x000000070f400000, 0x000000070f500000|  0%| F|  |TAMS 0x000000070f400000, 0x000000070f400000| Untracked 
| 231|0x000000070f500000, 0x000000070f500000, 0x000000070f600000|  0%| F|  |TAMS 0x000000070f500000, 0x000000070f500000| Untracked 
| 232|0x000000070f600000, 0x000000070f600000, 0x000000070f700000|  0%| F|  |TAMS 0x000000070f600000, 0x000000070f600000| Untracked 
| 233|0x000000070f700000, 0x000000070f700000, 0x000000070f800000|  0%| F|  |TAMS 0x000000070f700000, 0x000000070f700000| Untracked 
| 234|0x000000070f800000, 0x000000070f800000, 0x000000070f900000|  0%| F|  |TAMS 0x000000070f800000, 0x000000070f800000| Untracked 
| 235|0x000000070f900000, 0x000000070f900000, 0x000000070fa00000|  0%| F|  |TAMS 0x000000070f900000, 0x000000070f900000| Untracked 
| 236|0x000000070fa00000, 0x000000070fa00000, 0x000000070fb00000|  0%| F|  |TAMS 0x000000070fa00000, 0x000000070fa00000| Untracked 
| 237|0x000000070fb00000, 0x000000070fb00000, 0x000000070fc00000|  0%| F|  |TAMS 0x000000070fb00000, 0x000000070fb00000| Untracked 
| 238|0x000000070fc00000, 0x000000070fc59558, 0x000000070fd00000| 34%| S|CS|TAMS 0x000000070fc00000, 0x000000070fc00000| Complete 
| 239|0x000000070fd00000, 0x000000070fe00000, 0x000000070fe00000|100%| S|CS|TAMS 0x000000070fd00000, 0x000000070fd00000| Complete 
| 240|0x000000070fe00000, 0x000000070ff00000, 0x000000070ff00000|100%| S|CS|TAMS 0x000000070fe00000, 0x000000070fe00000| Complete 
| 241|0x000000070ff00000, 0x0000000710000000, 0x0000000710000000|100%| S|CS|TAMS 0x000000070ff00000, 0x000000070ff00000| Complete 
| 242|0x0000000710000000, 0x0000000710100000, 0x0000000710100000|100%| S|CS|TAMS 0x0000000710000000, 0x0000000710000000| Complete 
| 243|0x0000000710100000, 0x00000007101b3b60, 0x0000000710200000| 70%| E|  |TAMS 0x0000000710100000, 0x0000000710100000| Complete 
| 244|0x0000000710200000, 0x0000000710300000, 0x0000000710300000|100%| E|CS|TAMS 0x0000000710200000, 0x0000000710200000| Complete 
| 245|0x0000000710300000, 0x0000000710400000, 0x0000000710400000|100%| E|CS|TAMS 0x0000000710300000, 0x0000000710300000| Complete 
| 246|0x0000000710400000, 0x0000000710500000, 0x0000000710500000|100%| E|CS|TAMS 0x0000000710400000, 0x0000000710400000| Complete 
| 247|0x0000000710500000, 0x0000000710600000, 0x0000000710600000|100%| E|CS|TAMS 0x0000000710500000, 0x0000000710500000| Complete 
| 248|0x0000000710600000, 0x0000000710700000, 0x0000000710700000|100%| E|CS|TAMS 0x0000000710600000, 0x0000000710600000| Complete 
| 249|0x0000000710700000, 0x0000000710800000, 0x0000000710800000|100%| E|CS|TAMS 0x0000000710700000, 0x0000000710700000| Complete 
| 250|0x0000000710800000, 0x0000000710900000, 0x0000000710900000|100%| E|CS|TAMS 0x0000000710800000, 0x0000000710800000| Complete 
| 251|0x0000000710900000, 0x0000000710a00000, 0x0000000710a00000|100%| E|CS|TAMS 0x0000000710900000, 0x0000000710900000| Complete 
| 252|0x0000000710a00000, 0x0000000710b00000, 0x0000000710b00000|100%| E|CS|TAMS 0x0000000710a00000, 0x0000000710a00000| Complete 
| 253|0x0000000710b00000, 0x0000000710c00000, 0x0000000710c00000|100%| E|CS|TAMS 0x0000000710b00000, 0x0000000710b00000| Complete 
| 254|0x0000000710c00000, 0x0000000710d00000, 0x0000000710d00000|100%| E|CS|TAMS 0x0000000710c00000, 0x0000000710c00000| Complete 
| 255|0x0000000710d00000, 0x0000000710e00000, 0x0000000710e00000|100%| E|CS|TAMS 0x0000000710d00000, 0x0000000710d00000| Complete 

Card table byte_map: [0x000001e7d57a0000,0x000001e7d5fa0000] _byte_map_base: 0x000001e7d1f99000

Marking Bits (Prev, Next): (CMBitMap*) 0x000001e7bc8e7500, (CMBitMap*) 0x000001e7bc8e74c8
 Prev Bits: [0x000001e7da770000, 0x000001e7de738000)
 Next Bits: [0x000001e7d67a0000, 0x000001e7da768000)

Polling page: 0x000001e7bc970000

Metaspace:

Usage:
  Non-class:     19.81 MB capacity,    19.49 MB ( 98%) used,   275.46 KB (  1%) free+waste,    59.75 KB ( <1%) overhead. 
      Class:      2.60 MB capacity,     2.38 MB ( 91%) used,   196.91 KB (  7%) free+waste,    29.13 KB (  1%) overhead. 
       Both:     22.41 MB capacity,    21.86 MB ( 98%) used,   472.37 KB (  2%) free+waste,    88.88 KB ( <1%) overhead. 

Virtual space:
  Non-class space:       20.00 MB reserved,      20.00 MB (100%) committed 
      Class space:        1.00 GB reserved,       2.63 MB ( <1%) committed 
             Both:        1.02 GB reserved,      22.63 MB (  2%) committed 

Chunk freelists:
   Non-Class:  0 bytes
       Class:  0 bytes
        Both:  0 bytes

CodeHeap 'non-profiled nmethods': size=120064Kb used=625Kb max_used=625Kb free=119438Kb
 bounds [0x000001e7cd210000, 0x000001e7cd480000, 0x000001e7d4750000]
CodeHeap 'profiled nmethods': size=120000Kb used=3996Kb max_used=3996Kb free=116004Kb
 bounds [0x000001e7c5ce0000, 0x000001e7c60d0000, 0x000001e7cd210000]
CodeHeap 'non-nmethods': size=5696Kb used=1247Kb max_used=1262Kb free=4448Kb
 bounds [0x000001e7c5750000, 0x000001e7c59c0000, 0x000001e7c5ce0000]
 total_blobs=2485 nmethods=1994 adapters=410
 compilation: enabled
              stopped_count=0, restarted_count=0
 full_count=0

Compilation events (10 events):
Event: 41.156 Thread 0x000001e7e1a18800 1989       1       okhttp3.Request::url (5 bytes)
Event: 41.156 Thread 0x000001e7e1a18800 nmethod 1989 0x000001e7cd2aa990 code [0x000001e7cd2aab20, 0x000001e7cd2aabd8]
Event: 41.166 Thread 0x000001e7e1a18800 1990       3       com.google.common.collect.Iterators$9::hasNext (13 bytes)
Event: 41.166 Thread 0x000001e7e1a18800 nmethod 1990 0x000001e7c60c2510 code [0x000001e7c60c26a0, 0x000001e7c60c27f8]
Event: 41.176 Thread 0x000001e7e1a18800 1991       1       org.openqa.selenium.json.JsonOutput::access$500 (5 bytes)
Event: 41.176 Thread 0x000001e7e1a18800 nmethod 1991 0x000001e7cd2aac90 code [0x000001e7cd2aae20, 0x000001e7cd2aaeb8]
Event: 41.176 Thread 0x000001e7e1a18800 1992       3       java.util.regex.Pattern::closure (365 bytes)
Event: 41.178 Thread 0x000001e7e1a18800 nmethod 1992 0x000001e7c60c2890 code [0x000001e7c60c2e00, 0x000001e7c60c5fe8]
Event: 99.407 Thread 0x000001e7e19b5800 1993       4       org.openqa.selenium.io.MultiOutputStream::write (24 bytes)
Event: 99.414 Thread 0x000001e7e19b5800 nmethod 1993 0x000001e7cd2aaf90 code [0x000001e7cd2ab180, 0x000001e7cd2abe28]

GC Heap History (4 events):
Event: 0.939 GC heap before
{Heap before GC invocations=0 (full 0):
 garbage-first heap   total 262144K, used 22528K [0x0000000700e00000, 0x0000000800000000)
  region size 1024K, 22 young (22528K), 0 survivors (0K)
 Metaspace       used 16709K, capacity 16980K, committed 17280K, reserved 1064960K
  class space    used 1710K, capacity 1806K, committed 1920K, reserved 1048576K
}
Event: 0.943 GC heap after
{Heap after GC invocations=1 (full 0):
 garbage-first heap   total 262144K, used 4918K [0x0000000700e00000, 0x0000000800000000)
  region size 1024K, 3 young (3072K), 3 survivors (3072K)
 Metaspace       used 16709K, capacity 16980K, committed 17280K, reserved 1064960K
  class space    used 1710K, capacity 1806K, committed 1920K, reserved 1048576K
}
Event: 1.193 GC heap before
{Heap before GC invocations=1 (full 0):
 garbage-first heap   total 262144K, used 17206K [0x0000000700e00000, 0x0000000800000000)
  region size 1024K, 16 young (16384K), 3 survivors (3072K)
 Metaspace       used 20562K, capacity 21077K, committed 21248K, reserved 1069056K
  class space    used 2234K, capacity 2442K, committed 2560K, reserved 1048576K
}
Event: 1.196 GC heap after
{Heap after GC invocations=2 (full 0):
 garbage-first heap   total 262144K, used 6299K [0x0000000700e00000, 0x0000000800000000)
  region size 1024K, 5 young (5120K), 5 survivors (5120K)
 Metaspace       used 20562K, capacity 21077K, committed 21248K, reserved 1069056K
  class space    used 2234K, capacity 2442K, committed 2560K, reserved 1048576K
}

Deoptimization events (10 events):
Event: 0.986 Thread 0x000001e7bc887000 Uncommon trap: reason=unstable_if action=reinterpret pc=0x000001e7cd264e34 method=java.io.ByteArrayInputStream.read([BII)I @ 35 c2
Event: 0.988 Thread 0x000001e7bc887000 Uncommon trap: reason=unstable_if action=reinterpret pc=0x000001e7cd24b6f4 method=java.lang.StringUTF16.compress([CI[BII)I @ 20 c2
Event: 1.093 Thread 0x000001e7bc887000 Uncommon trap: reason=unstable_if action=reinterpret pc=0x000001e7cd27bd28 method=jdk.internal.org.objectweb.asm.Type.getArgumentsAndReturnSizes(Ljava/lang/String;)I @ 41 c2
Event: 1.155 Thread 0x000001e7bc887000 Uncommon trap: reason=unstable_if action=reinterpret pc=0x000001e7cd27fe64 method=java.util.regex.Pattern$BmpCharProperty.match(Ljava/util/regex/Matcher;ILjava/lang/CharSequence;)Z @ 5 c2
Event: 3.190 Thread 0x000001e7bc887000 Uncommon trap: reason=class_check action=maybe_recompile pc=0x000001e7cd289560 method=org.openqa.selenium.json.Input.init()V @ 18 c2
Event: 3.190 Thread 0x000001e7bc887000 Uncommon trap: reason=class_check action=maybe_recompile pc=0x000001e7cd289560 method=org.openqa.selenium.json.Input.init()V @ 18 c2
Event: 3.190 Thread 0x000001e7bc887000 Uncommon trap: reason=class_check action=maybe_recompile pc=0x000001e7cd289560 method=org.openqa.selenium.json.Input.init()V @ 18 c2
Event: 3.190 Thread 0x000001e7bc887000 Uncommon trap: reason=class_check action=maybe_recompile pc=0x000001e7cd289560 method=org.openqa.selenium.json.Input.init()V @ 18 c2
Event: 3.201 Thread 0x000001e7bc887000 Uncommon trap: reason=unstable_if action=reinterpret pc=0x000001e7cd26c598 method=java.util.concurrent.ConcurrentHashMap.putVal(Ljava/lang/Object;Ljava/lang/Object;Z)Ljava/lang/Object; @ 256 c2
Event: 3.212 Thread 0x000001e7bc887000 Uncommon trap: reason=unstable_if action=reinterpret pc=0x000001e7cd2882c8 method=jdk.internal.org.objectweb.asm.Item.isEqualTo(Ljdk/internal/org/objectweb/asm/Item;)Z @ 331 c2

Classes redefined (2 events):
Event: 104.691 Thread 0x000001e7e109c000 redefined class name=Selenium_Exercise.Exercise_Topic07_TC03_Guru99_Bank, count=1
Event: 2093.712 Thread 0x000001e7e109c000 redefined class name=Selenium_Exercise.Exercise_Topic07_TC03_Guru99_Bank, count=2

Internal exceptions (10 events):
Event: 16.619 Thread 0x000001e7bc887000 Exception <a 'java/net/SocketTimeoutException'{0x0000000710279c70}: Read timed out> (0x0000000710279c70) thrown at [./open/src/hotspot/share/prims/jni.cpp, line 632]
Event: 17.825 Thread 0x000001e7bc887000 Exception <a 'java/net/SocketTimeoutException'{0x00000007102948e8}: Read timed out> (0x00000007102948e8) thrown at [./open/src/hotspot/share/prims/jni.cpp, line 632]
Event: 17.872 Thread 0x000001e7bc887000 Exception <a 'java/net/SocketTimeoutException'{0x00000007102a5b48}: Read timed out> (0x00000007102a5b48) thrown at [./open/src/hotspot/share/prims/jni.cpp, line 632]
Event: 17.888 Thread 0x000001e7bc887000 Exception <a 'java/net/SocketTimeoutException'{0x00000007102bccc0}: Read timed out> (0x00000007102bccc0) thrown at [./open/src/hotspot/share/prims/jni.cpp, line 632]
Event: 18.542 Thread 0x000001e7bc887000 Exception <a 'java/net/SocketTimeoutException'{0x00000007102cdef0}: Read timed out> (0x00000007102cdef0) thrown at [./open/src/hotspot/share/prims/jni.cpp, line 632]
Event: 18.573 Thread 0x000001e7bc887000 Exception <a 'java/net/SocketTimeoutException'{0x00000007102e8f98}: Read timed out> (0x00000007102e8f98) thrown at [./open/src/hotspot/share/prims/jni.cpp, line 632]
Event: 29.681 Thread 0x000001e7bc887000 Exception <a 'java/net/SocketTimeoutException'{0x00000007102fa1c8}: Read timed out> (0x00000007102fa1c8) thrown at [./open/src/hotspot/share/prims/jni.cpp, line 632]
Event: 29.711 Thread 0x000001e7bc887000 Exception <a 'java/net/SocketTimeoutException'{0x0000000710115d18}: Read timed out> (0x0000000710115d18) thrown at [./open/src/hotspot/share/prims/jni.cpp, line 632]
Event: 41.163 Thread 0x000001e7bc887000 Exception <a 'java/net/SocketTimeoutException'{0x0000000710126fe0}: Read timed out> (0x0000000710126fe0) thrown at [./open/src/hotspot/share/prims/jni.cpp, line 632]
Event: 41.179 Thread 0x000001e7bc887000 Exception <a 'java/net/SocketTimeoutException'{0x00000007101420a0}: Read timed out> (0x00000007101420a0) thrown at [./open/src/hotspot/share/prims/jni.cpp, line 632]

Events (10 events):
Event: 2093.722 Executing VM operation: GetStackTrace done
Event: 2093.727 Executing VM operation: GetFrameCount
Event: 2093.728 Executing VM operation: GetFrameCount done
Event: 2093.728 Executing VM operation: GetOwnedMonitorInfo
Event: 2093.728 Executing VM operation: GetOwnedMonitorInfo done
Event: 2093.728 Executing VM operation: GetCurrentContendedMonitor
Event: 2093.728 Executing VM operation: GetCurrentContendedMonitor done
Event: 2097.499 Executing VM operation: GetFrameLocation
Event: 2097.499 Executing VM operation: GetFrameLocation done
Event: 2097.499 Executing VM operation: GetOrSetLocal


Dynamic libraries:
0x00007ff774540000 - 0x00007ff77454f000 	C:\Program Files\Java\jdk-11.0.17\bin\javaw.exe
0x00007ff9db490000 - 0x00007ff9db688000 	C:\WINDOWS\SYSTEM32\ntdll.dll
0x00007ff9d9530000 - 0x00007ff9d95ef000 	C:\WINDOWS\System32\KERNEL32.DLL
0x00007ff9d9090000 - 0x00007ff9d936a000 	C:\WINDOWS\System32\KERNELBASE.dll
0x00007ff9d93f0000 - 0x00007ff9d94f0000 	C:\WINDOWS\System32\ucrtbase.dll
0x00007ff9c1e30000 - 0x00007ff9c1e48000 	C:\Program Files\Java\jdk-11.0.17\bin\jli.dll
0x00007ff9da0a0000 - 0x00007ff9da14e000 	C:\WINDOWS\System32\ADVAPI32.dll
0x00007ff9d9f80000 - 0x00007ff9da01e000 	C:\WINDOWS\System32\msvcrt.dll
0x00007ff9dafd0000 - 0x00007ff9db06c000 	C:\WINDOWS\System32\sechost.dll
0x00007ff9daea0000 - 0x00007ff9dafc6000 	C:\WINDOWS\System32\RPCRT4.dll
0x00007ff9da250000 - 0x00007ff9da3ed000 	C:\WINDOWS\System32\USER32.dll
0x00007ff9d8d60000 - 0x00007ff9d8d82000 	C:\WINDOWS\System32\win32u.dll
0x00007ff9d94f0000 - 0x00007ff9d951b000 	C:\WINDOWS\System32\GDI32.dll
0x00007ff9c66a0000 - 0x00007ff9c693a000 	C:\WINDOWS\WinSxS\amd64_microsoft.windows.common-controls_6595b64144ccf1df_6.0.19041.1110_none_60b5254171f9507e\COMCTL32.dll
0x00007ff9d8c50000 - 0x00007ff9d8d60000 	C:\WINDOWS\System32\gdi32full.dll
0x00007ff9d8ff0000 - 0x00007ff9d908d000 	C:\WINDOWS\System32\msvcp_win.dll
0x00007ff9d3750000 - 0x00007ff9d375a000 	C:\WINDOWS\SYSTEM32\VERSION.dll
0x00007ff9c1d40000 - 0x00007ff9c1d55000 	C:\Program Files\Java\jdk-11.0.17\bin\VCRUNTIME140.dll
0x00007ff9db200000 - 0x00007ff9db230000 	C:\WINDOWS\System32\IMM32.DLL
0x00007ff9af870000 - 0x00007ff9af90b000 	C:\Program Files\Java\jdk-11.0.17\bin\msvcp140.dll
0x00007ff956a60000 - 0x00007ff95757a000 	C:\Program Files\Java\jdk-11.0.17\bin\server\jvm.dll
0x00007ff9da240000 - 0x00007ff9da248000 	C:\WINDOWS\System32\PSAPI.DLL
0x00007ff9bb150000 - 0x00007ff9bb159000 	C:\WINDOWS\SYSTEM32\WSOCK32.dll
0x00007ff9cecb0000 - 0x00007ff9cecd7000 	C:\WINDOWS\SYSTEM32\WINMM.dll
0x00007ff9db230000 - 0x00007ff9db29b000 	C:\WINDOWS\System32\WS2_32.dll
0x00007ff9d6a80000 - 0x00007ff9d6a92000 	C:\WINDOWS\SYSTEM32\kernel.appcore.dll
0x00007ff9d41e0000 - 0x00007ff9d41f0000 	C:\Program Files\Java\jdk-11.0.17\bin\verify.dll
0x00007ff9ce230000 - 0x00007ff9ce414000 	C:\WINDOWS\SYSTEM32\DBGHELP.DLL
0x00007ff9be550000 - 0x00007ff9be584000 	C:\WINDOWS\SYSTEM32\dbgcore.DLL
0x00007ff9d8f60000 - 0x00007ff9d8fe2000 	C:\WINDOWS\System32\bcryptPrimitives.dll
0x00007ff9bf7e0000 - 0x00007ff9bf808000 	C:\Program Files\Java\jdk-11.0.17\bin\java.dll
0x00007ff9c1ee0000 - 0x00007ff9c1eea000 	C:\Program Files\Java\jdk-11.0.17\bin\jimage.dll
0x00007ff9afc20000 - 0x00007ff9afc58000 	C:\Program Files\Java\jdk-11.0.17\bin\jdwp.dll
0x00007ff9be800000 - 0x00007ff9be816000 	C:\Program Files\Java\jdk-11.0.17\bin\zip.dll
0x00007ff9da3f0000 - 0x00007ff9dab34000 	C:\WINDOWS\System32\SHELL32.dll
0x00007ff9d6c80000 - 0x00007ff9d7413000 	C:\WINDOWS\SYSTEM32\windows.storage.dll
0x00007ff9dab40000 - 0x00007ff9dae94000 	C:\WINDOWS\System32\combase.dll
0x00007ff9d8600000 - 0x00007ff9d862e000 	C:\WINDOWS\SYSTEM32\Wldp.dll
0x00007ff9db070000 - 0x00007ff9db11d000 	C:\WINDOWS\System32\SHCORE.dll
0x00007ff9d9e50000 - 0x00007ff9d9ea5000 	C:\WINDOWS\System32\shlwapi.dll
0x00007ff9d8ae0000 - 0x00007ff9d8aff000 	C:\WINDOWS\SYSTEM32\profapi.dll
0x00007ff9c1e20000 - 0x00007ff9c1e2a000 	C:\Program Files\Java\jdk-11.0.17\bin\dt_socket.dll
0x00007ff9d82f0000 - 0x00007ff9d835a000 	C:\WINDOWS\System32\mswsock.dll
0x00007ff9d7fb0000 - 0x00007ff9d807b000 	C:\WINDOWS\SYSTEM32\DNSAPI.dll
0x00007ff9d7f70000 - 0x00007ff9d7fac000 	C:\WINDOWS\SYSTEM32\IPHLPAPI.DLL
0x00007ff9d9520000 - 0x00007ff9d9528000 	C:\WINDOWS\System32\NSI.dll
0x0000000058dc0000 - 0x0000000058de6000 	C:\Program Files\Bonjour\mdnsNSP.dll
0x00007ff9d2260000 - 0x00007ff9d22e0000 	C:\WINDOWS\System32\fwpuclnt.dll
0x00007ff9d93c0000 - 0x00007ff9d93e7000 	C:\WINDOWS\System32\bcrypt.dll
0x00007ff9cf890000 - 0x00007ff9cf89a000 	C:\Windows\System32\rasadhlp.dll
0x00007ff9bd450000 - 0x00007ff9bd469000 	C:\Program Files\Java\jdk-11.0.17\bin\net.dll
0x00007ff9d27d0000 - 0x00007ff9d28da000 	C:\WINDOWS\SYSTEM32\WINHTTP.dll
0x00007ff9b5b50000 - 0x00007ff9b5b62000 	C:\Program Files\Java\jdk-11.0.17\bin\nio.dll
0x00007ff9d8550000 - 0x00007ff9d8568000 	C:\WINDOWS\SYSTEM32\CRYPTSP.dll
0x00007ff9d7ba0000 - 0x00007ff9d7bd4000 	C:\WINDOWS\system32\rsaenh.dll
0x00007ff9d8a60000 - 0x00007ff9d8a8e000 	C:\WINDOWS\SYSTEM32\USERENV.dll
0x00007ff9d8570000 - 0x00007ff9d857c000 	C:\WINDOWS\SYSTEM32\CRYPTBASE.dll
0x00007ff9d3780000 - 0x00007ff9d3797000 	C:\WINDOWS\SYSTEM32\dhcpcsvc6.DLL
0x00007ff9d3760000 - 0x00007ff9d377d000 	C:\WINDOWS\SYSTEM32\dhcpcsvc.DLL
0x00007ff9bdeb0000 - 0x00007ff9bdebd000 	C:\Program Files\Java\jdk-11.0.17\bin\sunmscapi.dll
0x00007ff9d8d90000 - 0x00007ff9d8ee6000 	C:\WINDOWS\System32\CRYPT32.dll
0x00007ff9d8670000 - 0x00007ff9d8698000 	C:\WINDOWS\SYSTEM32\ncrypt.dll
0x00007ff9d8630000 - 0x00007ff9d866b000 	C:\WINDOWS\SYSTEM32\NTASN1.dll
0x00007ff9b0c20000 - 0x00007ff9b0c45000 	C:\Program Files\Java\jdk-11.0.17\bin\sunec.dll

dbghelp: loaded successfully - version: 4.0.5 - missing functions: none
symbol engine: initialized successfully - sym options: 0x614 - pdb path: .;C:\Program Files\Java\jdk-11.0.17\bin;C:\WINDOWS\SYSTEM32;C:\WINDOWS\WinSxS\amd64_microsoft.windows.common-controls_6595b64144ccf1df_6.0.19041.1110_none_60b5254171f9507e;C:\Program Files\Java\jdk-11.0.17\bin\server;C:\Program Files\Bonjour

VM Arguments:
jvm_args: -agentlib:jdwp=transport=dt_socket,suspend=y,address=localhost:53184 -ea -Dfile.encoding=UTF-8 
java_command: org.testng.remote.RemoteTestNG -serport 53183 -protocol json -d F:\Automation\2.Selenium WebDriver\test-output C:\Users\Admin\AppData\Local\Temp\testng-eclipse-2062944732\testng-customsuite.xml
java_class_path (initial): C:\Users\Admin\eclipse\java-2023-03\eclipse\configuration\org.eclipse.osgi\448\0\.cp\lib\testng-remote.jar;F:\Automation\2.Selenium WebDriver\bin;F:\Automation\2.Selenium WebDriver\libraries\selenium-server-standalone-3.141.59.jar;F:\Automation\2.Selenium WebDriver\libraries\testng-6.14.3.jar
Launcher Type: SUN_STANDARD

[Global flags]
     intx CICompilerCount                          = 3                                         {product} {ergonomic}
     uint ConcGCThreads                            = 2                                         {product} {ergonomic}
     uint G1ConcRefinementThreads                  = 6                                         {product} {ergonomic}
   size_t G1HeapRegionSize                         = 1048576                                   {product} {ergonomic}
    uintx GCDrainStackTargetSize                   = 64                                        {product} {ergonomic}
   size_t InitialHeapSize                          = 268435456                                 {product} {ergonomic}
   size_t MarkStackSize                            = 4194304                                   {product} {ergonomic}
   size_t MaxHeapSize                              = 4280287232                                {product} {ergonomic}
   size_t MaxNewSize                               = 2567962624                                {product} {ergonomic}
   size_t MinHeapDeltaBytes                        = 1048576                                   {product} {ergonomic}
    uintx NonNMethodCodeHeapSize                   = 5830732                                {pd product} {ergonomic}
    uintx NonProfiledCodeHeapSize                  = 122913754                              {pd product} {ergonomic}
    uintx ProfiledCodeHeapSize                     = 122913754                              {pd product} {ergonomic}
    uintx ReservedCodeCacheSize                    = 251658240                              {pd product} {ergonomic}
     bool SegmentedCodeCache                       = true                                      {product} {ergonomic}
     bool UseCompressedClassPointers               = true                                 {lp64_product} {ergonomic}
     bool UseCompressedOops                        = true                                 {lp64_product} {ergonomic}
     bool UseG1GC                                  = true                                      {product} {ergonomic}
     bool UseLargePagesIndividualAllocation        = false                                  {pd product} {ergonomic}

Logging:
Log output configuration:
 #0: stdout all=warning uptime,level,tags
 #1: stderr all=off uptime,level,tags

Environment Variables:
PATH=C:/Users/Admin/.p2/pool/plugins/org.eclipse.justj.openjdk.hotspot.jre.full.win32.x86_64_17.0.6.v20230204-1729/jre/bin/server;C:/Users/Admin/.p2/pool/plugins/org.eclipse.justj.openjdk.hotspot.jre.full.win32.x86_64_17.0.6.v20230204-1729/jre/bin;C:\Program Files\Common Files\Oracle\Java\javapath;C:\Windows\system32;C:\Windows;C:\Windows\System32\Wbem;C:\Windows\System32\WindowsPowerShell\v1.0\;C:\Windows\System32\OpenSSH\;C:\Program Files (x86)\NVIDIA Corporation\PhysX\Common;C:\Program Files\NVIDIA Corporation\NVIDIA NvDLISR;C:\Program Files (x86)\nodejs\;C:\WINDOWS\system32;C:\WINDOWS;C:\WINDOWS\System32\Wbem;C:\WINDOWS\System32\WindowsPowerShell\v1.0\;C:\WINDOWS\System32\OpenSSH\;C:\Program Files\Cloudflare\Cloudflare WARP\;C:\Program Files (x86)\dotnet\;C:\Program Files\dotnet\;C:\Program Files\Git\cmd;C:\Users\Admin\AppData\Local\Programs\Python\Python310\Scripts\;C:\Users\Admin\AppData\Local\Programs\Python\Python310\;C:\Users\Admin\AppData\Local\Microsoft\WindowsApps;C:\Users\Admin\AppData\Roaming\npm;C:\Users\Admin\AppData\Local\GitHubDesktop\bin;C:\Users\Admin\.dotnet\tools;C:\Users\Admin\Desktop;
USERNAME=Minh Kon
OS=Windows_NT
PROCESSOR_IDENTIFIER=Intel64 Family 6 Model 158 Stepping 10, GenuineIntel



---------------  S Y S T E M  ---------------

OS: Windows 10 , 64 bit Build 19041 (10.0.19041.2788)

CPU:total 6 (initial active 6) (6 cores per cpu, 1 threads per core) family 6 model 158 stepping 10 microcode 0xca, cmov, cx8, fxsr, mmx, sse, sse2, sse3, ssse3, sse4.1, sse4.2, popcnt, avx, avx2, aes, clmul, erms, 3dnowpref, lzcnt, tsc, tscinvbit, bmi1, bmi2, adx, fma

Memory: 4k page, system-wide physical 16326M (6411M free)
TotalPageFile size 21483M (AvailPageFile size 3748M)
current process WorkingSet (physical memory assigned to process): 87M, peak: 101M
current process commit charge ("private bytes"): 361M, peak: 365M

vm_info: Java HotSpot(TM) 64-Bit Server VM (11.0.17+10-LTS-269) for windows-amd64 JRE (11.0.17+10-LTS-269), built on Sep 13 2022 19:26:37 by "mach5one" with MS VC++ 15.9 (VS2017)

END.
